SNAKE DATA LOG 04-01-2022 00-44-31
COORD (55,55)
POINT (373,227)
COORD (124,77)
POINT (381,228)
COORD (198,78)
POINT (534,286)
COORD (285,136)
POINT (758,363)
COORD (345,202)
POINT (1061,443)
COORD (400,268)
POINT (1053,466)
COORD (455,334)
POINT (977,505)
COORD (510,400)
POINT (808,567)
COORD (572,425)
POINT (757,573)
COORD (649,423)
POINT (787,573)
COORD (679,423)
POINT (787,573)
COORD (679,423)
POINT (787,573)
COORD (679,423)
POINT (617,542)
COORD (610,392)
POINT (411,443)
COORD (545,312)
POINT (387,434)
COORD (490,202)
POINT (360,429)
COORD (435,92)
POINT (356,429)
COORD (380,2)
POINT (278,517)
COORD (325,112)
POINT (616,704)
COORD (270,222)
POINT (832,597)
COORD (215,332)
POINT (942,459)
COORD (160,442)
POINT (1144,390)
COORD (105,552)
POINT (1144,390)
COORD (50,662)
POINT (1144,390)
COORD (-5,772)
POINT (1144,390)
COORD (50,682)
POINT (1144,390)
COORD (105,572)
POINT (1161,378)
COORD (160,462)
POINT (1919,0)
COORD (215,352)
POINT (1787,45)
COORD (270,242)
POINT (1559,96)
COORD (325,132)
