SNAKE DATA LOG 25-08-2015 04-07-39
COORD (55,55)
POINT (360,137)
COORD (110,110)
POINT (383,181)
COORD (194,56)
POINT (552,245)
COORD (272,126)
POINT (630,262)
COORD (327,181)
POINT (614,348)
COORD (405,213)
POINT (711,386)
COORD (495,261)
POINT (800,374)
COORD (584,249)
POINT (911,338)
COORD (676,213)
POINT (1045,333)
COORD (741,208)
POINT (1116,343)
COORD (796,208)
POINT (1121,375)
COORD (851,208)
POINT (1343,459)
COORD (906,208)
POINT (1220,450)
COORD (961,208)
POINT (1173,440)
COORD (1038,272)
POINT (1118,553)
COORD (1035,364)
POINT (1003,575)
COORD (950,441)
POINT (874,553)
COORD (860,428)
POINT (788,503)
COORD (761,378)
POINT (694,409)
COORD (670,284)
POINT (567,344)
COORD (593,219)
POINT (445,332)
COORD (504,207)
POINT (354,352)
COORD (413,227)
POINT (211,378)
COORD (319,255)
POINT (117,444)
COORD (264,288)
POINT (4,687)
COORD (209,321)
POINT (189,971)
COORD (154,354)
POINT (583,946)
COORD (99,387)
POINT (581,931)
COORD (44,420)
POINT (572,935)
COORD (9,453)
POINT (566,952)
COORD (64,486)
POINT (660,1010)
COORD (119,519)
POINT (753,1048)
COORD (174,552)
POINT (917,1045)
COORD (229,585)
POINT (914,1018)
COORD (284,618)
POINT (547,802)
COORD (349,660)
POINT (619,770)
COORD (420,645)
POINT (686,734)
COORD (497,609)
POINT (737,683)
COORD (564,558)
POINT (793,631)
COORD (625,506)
POINT (858,558)
COORD (686,433)
POINT (936,492)
COORD (750,367)
POINT (1009,447)
COORD (817,322)
POINT (1150,433)
COORD (912,308)
POINT (1248,451)
COORD (1020,326)
POINT (1313,495)
COORD (1110,370)
POINT (1378,473)
COORD (1187,348)
POINT (1447,467)
COORD (1257,342)
POINT (1494,572)
COORD (1327,419)
POINT (1497,679)
COORD (1407,507)
POINT (1345,749)
COORD (1320,582)
POINT (1188,746)
COORD (1237,621)
POINT (1107,690)
COORD (1146,565)
POINT (1027,584)
COORD (1064,487)
POINT (961,503)
COORD (983,400)
POINT (901,446)
COORD (917,327)
POINT (820,402)
COORD (846,277)
POINT (720,386)
COORD (766,261)
POINT (613,377)
COORD (673,252)
POINT (483,377)
COORD (573,252)
POINT (319,377)
COORD (518,252)
POINT (112,468)
COORD (463,252)
POINT (96,475)
COORD (408,252)
POINT (105,491)
COORD (353,252)
POINT (105,493)
COORD (298,252)
POINT (114,540)
COORD (243,252)
POINT (114,540)
COORD (188,252)
POINT (114,540)
COORD (133,252)
POINT (114,540)
COORD (55,326)
POINT (114,540)
COORD (31,406)
POINT (278,557)
COORD (99,432)
POINT (380,543)
COORD (171,418)
POINT (604,623)
COORD (235,481)
POINT (772,708)
COORD (290,547)
POINT (1230,994)
COORD (345,613)
POINT (1237,998)
COORD (400,679)
POINT (1210,1070)
COORD (455,745)
POINT (1209,1073)
COORD (510,751)
POINT (1209,1073)
COORD (565,685)
POINT (1209,1073)
COORD (620,619)
POINT (1209,1073)
COORD (675,553)
POINT (1209,1070)
COORD (730,487)
POINT (1208,1068)
COORD (785,421)
POINT (1208,1068)
COORD (840,355)
POINT (1208,1064)
COORD (895,289)
POINT (1208,1064)
COORD (950,223)
POINT (1208,1061)
COORD (1005,157)
POINT (1208,1061)
COORD (1060,91)
POINT (1208,1061)
COORD (1115,25)
POINT (1208,1061)
COORD (1170,31)
POINT (1208,1061)
COORD (1225,97)
POINT (1208,1061)
COORD (1280,163)
POINT (1208,1061)
COORD (1335,229)
POINT (1208,1061)
COORD (1390,295)
POINT (1208,1061)
COORD (1375,361)
POINT (1208,1061)
COORD (1320,427)
POINT (1208,1061)
COORD (1265,493)
POINT (1208,1061)
COORD (1210,559)
POINT (1208,1061)
COORD (1155,625)
POINT (1208,1061)
COORD (1100,691)
POINT (1208,1061)
COORD (1045,757)
POINT (1208,1061)
COORD (1098,779)
POINT (1208,1061)
COORD (1125,769)
POINT (1208,1061)
COORD (1125,779)
POINT (1040,910)
COORD (1072,785)
POINT (984,729)
COORD (994,709)
POINT (909,478)
COORD (931,616)
POINT (790,217)
COORD (865,517)
POINT (165,215)
COORD (799,418)
POINT (63,255)
COORD (733,319)
POINT (0,599)
COORD (667,220)
POINT (1369,1199)
COORD (601,121)
POINT (1919,1199)
COORD (535,22)
POINT (1919,1199)
COORD (469,67)
POINT (1919,1199)
COORD (403,166)
POINT (1907,962)
COORD (337,265)
POINT (1919,933)
COORD (271,364)
POINT (1919,933)
COORD (205,463)
POINT (1919,933)
COORD (139,562)
POINT (1919,933)
COORD (73,661)
POINT (1919,933)
COORD (7,760)
POINT (1919,933)
COORD (49,697)
POINT (1919,933)
COORD (115,598)
POINT (1919,933)
COORD (181,499)
POINT (1919,933)
COORD (247,400)
POINT (1919,933)
COORD (313,301)
POINT (1919,933)
COORD (379,202)
POINT (1919,933)
COORD (445,103)
POINT (1919,933)
COORD (511,4)
POINT (1919,933)
COORD (577,85)
POINT (1919,933)
COORD (643,184)
POINT (1919,933)
COORD (709,283)
POINT (1919,933)
COORD (775,382)
POINT (1919,933)
COORD (841,481)
POINT (1919,933)
COORD (907,580)
POINT (1919,933)
COORD (973,679)
POINT (1416,1191)
COORD (1039,778)
POINT (1269,1199)
COORD (1105,679)
POINT (388,611)
COORD (1171,580)
POINT (204,294)
COORD (1237,481)
POINT (113,117)
COORD (1303,382)
POINT (112,116)
COORD (1369,283)
POINT (112,137)
COORD (1387,184)
