SNAKE DATA LOG
COORD (-16,-16)
COORD (-11,-11)
COORD (-6,-6)
COORD (-1,-1)
COORD (4,4)
COORD (9,9)
COORD (14,14)
COORD (19,19)
COORD (24,24)
COORD (29,29)
COORD (34,34)
COORD (39,39)
COORD (44,44)
COORD (49,49)
COORD (54,54)
COORD (59,59)
COORD (64,64)
COORD (69,69)
COORD (74,74)
COORD (79,79)
COORD (84,84)
COORD (89,89)
COORD (94,94)
COORD (99,99)
COORD (104,104)
COORD (109,109)
COORD (114,114)
COORD (119,119)
COORD (124,124)
COORD (129,129)
COORD (134,134)
COORD (139,139)
COORD (144,144)
COORD (149,149)
COORD (154,154)
COORD (159,159)
COORD (164,164)
COORD (169,169)
COORD (174,174)
COORD (179,179)
COORD (184,184)
COORD (189,189)
COORD (194,194)
COORD (199,199)
COORD (204,204)
COORD (209,209)
COORD (214,214)
COORD (219,219)
COORD (224,224)
COORD (229,229)
COORD (234,234)
COORD (239,239)
COORD (244,244)
COORD (249,249)
COORD (254,254)
COORD (259,259)
COORD (264,264)
COORD (269,269)
COORD (274,274)
COORD (279,279)
COORD (284,284)
COORD (289,289)
COORD (294,294)
COORD (299,299)
COORD (304,304)
COORD (309,309)
COORD (314,314)
COORD (319,319)
COORD (324,324)
COORD (329,329)
COORD (334,334)
COORD (339,339)
COORD (344,344)
COORD (349,349)
COORD (354,354)
COORD (359,359)
COORD (364,364)
COORD (369,369)
COORD (374,374)
COORD (379,379)
COORD (384,384)
COORD (389,389)
COORD (394,394)
COORD (399,399)
COORD (404,404)
